<?xml version="1.0" encoding="UTF-8"?>
<!-- Generated by org.testng.reporters.JUnitReportReporter -->
<testsuite hostname="L-158032554" failures="0" tests="1" name="RunningTest.Selva" time="28.867" errors="0" timestamp="2023-11-26T21:50:22 IST" skipped="0">
  <testcase classname="RunningTest.Selva" name="runScenario" time="28.867"/>
</testsuite> <!-- RunningTest.Selva -->
